<?xml version="1.0" encoding="UTF-8"?>
<!-- Generated by org.testng.reporters.JUnitXMLReporter -->
<testsuite hostname="DESKTOP-1ESRFEC" ignored="0" name="Login Test" tests="3" failures="0" timestamp="14 Jan 2018 22:37:02 GMT" time="0.038" errors="0">
  <testcase name="doLoginTEst" time="0.004" classname="module9TestNG.LoginTest"/>
  <testcase name="doLoginTEst" time="0.004" classname="module9TestNG.LoginTest"/>
  <testcase name="doLoginTEst" time="0.002" classname="module9TestNG.LoginTest"/>
</testsuite> <!-- Login Test -->
