<?xml version="1.0" encoding="UTF-8"?>
<!-- Generated by org.testng.reporters.JUnitXMLReporter -->
<testsuite hostname="DESKTOP-1ESRFEC" ignored="0" name="TestNGApplication" tests="3" failures="0" timestamp="14 Jan 2018 22:37:02 GMT" time="0.039" errors="0">
  <testcase name="doLogin" time="0.004" classname="module9TestNG.TestNGApplication"/>
  <testcase name="updateNameTEst" time="0.001" classname="module9TestNG.TestNGApplication">
    <skipped/>
  </testcase> <!-- updateNameTEst -->
  <testcase name="LogoutTEst" time="0.001" classname="module9TestNG.TestNGApplication"/>
</testsuite> <!-- TestNGApplication -->
