<?xml version="1.0" encoding="UTF-8"?>
<!-- Generated by org.testng.reporters.JUnitXMLReporter -->
<testsuite hostname="DESKTOP-1ESRFEC" ignored="0" name="Default test" tests="3" failures="0" timestamp="13 Dec 2017 02:02:15 GMT" time="0.039" errors="0">
  <testcase name="doLoginTEst" time="0.005" classname="module9TestNG.LoginTest"/>
  <testcase name="doLoginTEst" time="0.001" classname="module9TestNG.LoginTest"/>
  <testcase name="doLoginTEst" time="0.001" classname="module9TestNG.LoginTest"/>
</testsuite> <!-- Default test -->
